# JRE version: Java(TM) SE Runtime Environment (21.0.5+9) (build 21.0.5+9-LTS-239)
# Java VM: Java HotSpot(TM) 64-Bit Server VM (21.0.5+9-LTS-239, mixed mode, sharing, tiered, compressed oops, compressed class ptrs, g1 gc, windows-amd64)
GC Precious Log:
 CardTable entry size: 512
 Card Set container configuration: InlinePtr #cards 4 size 8 Array Of Cards #cards 16 size 48 Howl #buckets 8 coarsen threshold 3686 Howl Bitmap #cards 512 size 80 coarsen threshold 460 Card regions per heap region 1 cards per card region 4096
 CPUs: 12 total, 12 available
 Memory: 16164M
 Large Page Support: Disabled
 NUMA Support: Disabled
 Compressed Oops: Enabled (Zero based)
 Heap Region Size: 2M
 Heap Min Capacity: 8M
 Heap Initial Capacity: 254M
 Heap Max Capacity: 4042M
 Pre-touch: Disabled
 Parallel Workers: 10
 Concurrent Workers: 3
 Concurrent Refinement Workers: 10
 Periodic GC: Disabled
Heap:
 garbage-first heap   total 112640K, used 88064K [0x0000000703600000, 0x0000000800000000)
  region size 2048K, 6 young (12288K), 2 survivors (4096K)
 Metaspace       used 98395K, committed 99328K, reserved 1179648K
  class space    used 13043K, committed 13440K, reserved 1048576K
GC Heap History (20 events):
Event: 13.305 GC heap before
{Heap before GC invocations=20 (full 0):
 garbage-first heap   total 90112K, used 78595K [0x0000000703600000, 0x0000000800000000)
  region size 2048K, 21 young (43008K), 2 survivors (4096K)
 Metaspace       used 85702K, committed 86400K, reserved 1179648K
  class space    used 11301K, committed 11648K, reserved 1048576K
}
Event: 13.309 GC heap after
{Heap after GC invocations=21 (full 0):
 garbage-first heap   total 90112K, used 42201K [0x0000000703600000, 0x0000000800000000)
  region size 2048K, 3 young (6144K), 3 survivors (6144K)
 Metaspace       used 85702K, committed 86400K, reserved 1179648K
  class space    used 11301K, committed 11648K, reserved 1048576K
}
Event: 13.793 GC heap before
{Heap before GC invocations=22 (full 0):
 garbage-first heap   total 90112K, used 72921K [0x0000000703600000, 0x0000000800000000)
  region size 2048K, 19 young (38912K), 3 survivors (6144K)
 Metaspace       used 89664K, committed 90432K, reserved 1179648K
  class space    used 11959K, committed 12288K, reserved 1048576K
}
Event: 13.799 GC heap after
{Heap after GC invocations=23 (full 0):
 garbage-first heap   total 90112K, used 44300K [0x0000000703600000, 0x0000000800000000)
  region size 2048K, 3 young (6144K), 3 survivors (6144K)
 Metaspace       used 89664K, committed 90432K, reserved 1179648K
  class space    used 11959K, committed 12288K, reserved 1048576K
}
Event: 14.338 GC heap before
{Heap before GC invocations=23 (full 0):
 garbage-first heap   total 90112K, used 75020K [0x0000000703600000, 0x0000000800000000)
  region size 2048K, 18 young (36864K), 3 survivors (6144K)
 Metaspace       used 92413K, committed 93184K, reserved 1179648K
  class space    used 12305K, committed 12672K, reserved 1048576K
}
Event: 14.344 GC heap after
{Heap after GC invocations=24 (full 0):
 garbage-first heap   total 90112K, used 46072K [0x0000000703600000, 0x0000000800000000)
  region size 2048K, 2 young (4096K), 2 survivors (4096K)
 Metaspace       used 92413K, committed 93184K, reserved 1179648K
  class space    used 12305K, committed 12672K, reserved 1048576K
}
Event: 14.743 GC heap before
{Heap before GC invocations=24 (full 0):
 garbage-first heap   total 90112K, used 78840K [0x0000000703600000, 0x0000000800000000)
  region size 2048K, 18 young (36864K), 2 survivors (4096K)
 Metaspace       used 92971K, committed 93760K, reserved 1179648K
  class space    used 12362K, committed 12736K, reserved 1048576K
}
Event: 14.747 GC heap after
{Heap after GC invocations=25 (full 0):
 garbage-first heap   total 108544K, used 47927K [0x0000000703600000, 0x0000000800000000)
  region size 2048K, 2 young (4096K), 2 survivors (4096K)
 Metaspace       used 92971K, committed 93760K, reserved 1179648K
  class space    used 12362K, committed 12736K, reserved 1048576K
}
Event: 15.428 GC heap before
{Heap before GC invocations=26 (full 0):
 garbage-first heap   total 108544K, used 95031K [0x0000000703600000, 0x0000000800000000)
  region size 2048K, 25 young (51200K), 2 survivors (4096K)
 Metaspace       used 94745K, committed 95616K, reserved 1179648K
  class space    used 12596K, committed 12992K, reserved 1048576K
}
Event: 15.432 GC heap after
{Heap after GC invocations=27 (full 0):
 garbage-first heap   total 108544K, used 50349K [0x0000000703600000, 0x0000000800000000)
  region size 2048K, 4 young (8192K), 4 survivors (8192K)
 Metaspace       used 94745K, committed 95616K, reserved 1179648K
  class space    used 12596K, committed 12992K, reserved 1048576K
}
Event: 16.201 GC heap before
{Heap before GC invocations=27 (full 0):
 garbage-first heap   total 108544K, used 89261K [0x0000000703600000, 0x0000000800000000)
  region size 2048K, 23 young (47104K), 4 survivors (8192K)
 Metaspace       used 97034K, committed 97920K, reserved 1179648K
  class space    used 12915K, committed 13312K, reserved 1048576K
}
Event: 16.208 GC heap after
{Heap after GC invocations=28 (full 0):
 garbage-first heap   total 108544K, used 51884K [0x0000000703600000, 0x0000000800000000)
  region size 2048K, 3 young (6144K), 3 survivors (6144K)
 Metaspace       used 97034K, committed 97920K, reserved 1179648K
  class space    used 12915K, committed 13312K, reserved 1048576K
}
Event: 16.593 GC heap before
{Heap before GC invocations=28 (full 0):
 garbage-first heap   total 108544K, used 92844K [0x0000000703600000, 0x0000000800000000)
  region size 2048K, 23 young (47104K), 3 survivors (6144K)
 Metaspace       used 98088K, committed 98944K, reserved 1179648K
  class space    used 13024K, committed 13440K, reserved 1048576K
}
Event: 16.607 GC heap after
{Heap after GC invocations=29 (full 0):
 garbage-first heap   total 108544K, used 59053K [0x0000000703600000, 0x0000000800000000)
  region size 2048K, 3 young (6144K), 3 survivors (6144K)
 Metaspace       used 98088K, committed 98944K, reserved 1179648K
  class space    used 13024K, committed 13440K, reserved 1048576K
}
Event: 16.985 GC heap before
{Heap before GC invocations=30 (full 0):
 garbage-first heap   total 112640K, used 93869K [0x0000000703600000, 0x0000000800000000)
  region size 2048K, 20 young (40960K), 3 survivors (6144K)
 Metaspace       used 98278K, committed 99200K, reserved 1179648K
  class space    used 13040K, committed 13440K, reserved 1048576K
}
Event: 16.994 GC heap after
{Heap after GC invocations=31 (full 0):
 garbage-first heap   total 112640K, used 68404K [0x0000000703600000, 0x0000000800000000)
  region size 2048K, 3 young (6144K), 3 survivors (6144K)
 Metaspace       used 98278K, committed 99200K, reserved 1179648K
  class space    used 13040K, committed 13440K, reserved 1048576K
}
Event: 17.134 GC heap before
{Heap before GC invocations=31 (full 0):
 garbage-first heap   total 112640K, used 95028K [0x0000000703600000, 0x0000000800000000)
  region size 2048K, 17 young (34816K), 3 survivors (6144K)
 Metaspace       used 98290K, committed 99200K, reserved 1179648K
  class space    used 13040K, committed 13440K, reserved 1048576K
}
Event: 17.143 GC heap after
{Heap after GC invocations=32 (full 0):
 garbage-first heap   total 112640K, used 74798K [0x0000000703600000, 0x0000000800000000)
  region size 2048K, 3 young (6144K), 3 survivors (6144K)
 Metaspace       used 98290K, committed 99200K, reserved 1179648K
  class space    used 13040K, committed 13440K, reserved 1048576K
}
Event: 17.332 GC heap before
{Heap before GC invocations=32 (full 0):
 garbage-first heap   total 112640K, used 95278K [0x0000000703600000, 0x0000000800000000)
  region size 2048K, 14 young (28672K), 3 survivors (6144K)
 Metaspace       used 98398K, committed 99328K, reserved 1179648K
  class space    used 13043K, committed 13440K, reserved 1048576K
}
Event: 17.340 GC heap after
{Heap after GC invocations=33 (full 0):
 garbage-first heap   total 112640K, used 81920K [0x0000000703600000, 0x0000000800000000)
  region size 2048K, 2 young (4096K), 2 survivors (4096K)
 Metaspace       used 98398K, committed 99328K, reserved 1179648K
  class space    used 13043K, committed 13440K, reserved 1048576K
}

